  Source.c
C:\Users\Lenovo\Documents\GitHub\P01-PI\P01\Source.c(122,66): warning C4047: ':': 'const char *' differs in levels of indirection from 'const char (*)[2]'
C:\Users\Lenovo\Documents\GitHub\P01-PI\P01\Source.c(126,61): warning C4047: ':': 'const char (*)[2]' differs in levels of indirection from 'const char *'
C:\Users\Lenovo\Documents\GitHub\P01-PI\P01\Source.c(126,14): warning C4047: '=': 'const char *' differs in levels of indirection from 'const char (*)[2]'
C:\Users\Lenovo\Documents\GitHub\P01-PI\P01\Source.c(130,61): warning C4047: ':': 'const char *' differs in levels of indirection from 'const char (*)[2]'
C:\Users\Lenovo\Documents\GitHub\P01-PI\P01\Source.c(141,13): warning C4473: 'scanf_s' : not enough arguments passed for format string
  C:\Users\Lenovo\Documents\GitHub\P01-PI\P01\Source.c(141,13):
  placeholders and their parameters expect 2 variadic arguments, but 1 were provided
  C:\Users\Lenovo\Documents\GitHub\P01-PI\P01\Source.c(141,13):
  the missing variadic argument 2 is required by format string '%c'
  C:\Users\Lenovo\Documents\GitHub\P01-PI\P01\Source.c(141,13):
  this argument is used as a buffer size
  
C:\Users\Lenovo\Documents\GitHub\P01-PI\P01\Source.c(146,37): warning C4267: 'function': conversion from 'size_t' to 'int', possible loss of data
C:\Users\Lenovo\Documents\GitHub\P01-PI\P01\Source.c(199,13): warning C4473: 'scanf_s' : not enough arguments passed for format string
  C:\Users\Lenovo\Documents\GitHub\P01-PI\P01\Source.c(199,13):
  placeholders and their parameters expect 2 variadic arguments, but 1 were provided
  C:\Users\Lenovo\Documents\GitHub\P01-PI\P01\Source.c(199,13):
  the missing variadic argument 2 is required by format string '%c'
  C:\Users\Lenovo\Documents\GitHub\P01-PI\P01\Source.c(199,13):
  this argument is used as a buffer size
  
C:\Users\Lenovo\Documents\GitHub\P01-PI\P01\Source.c(205,13): warning C4473: 'scanf_s' : not enough arguments passed for format string
  C:\Users\Lenovo\Documents\GitHub\P01-PI\P01\Source.c(205,13):
  placeholders and their parameters expect 2 variadic arguments, but 1 were provided
  C:\Users\Lenovo\Documents\GitHub\P01-PI\P01\Source.c(205,13):
  the missing variadic argument 2 is required by format string '%c'
  C:\Users\Lenovo\Documents\GitHub\P01-PI\P01\Source.c(205,13):
  this argument is used as a buffer size
  
C:\Users\Lenovo\Documents\GitHub\P01-PI\P01\Source.c(210,47): warning C4267: 'function': conversion from 'size_t' to 'int', possible loss of data
C:\Users\Lenovo\Documents\GitHub\P01-PI\P01\Source.c(269,18): warning C4267: 'initializing': conversion from 'size_t' to 'int', possible loss of data
C:\Users\Lenovo\Documents\GitHub\P01-PI\P01\Source.c(397,13): warning C4473: 'scanf_s' : not enough arguments passed for format string
  C:\Users\Lenovo\Documents\GitHub\P01-PI\P01\Source.c(397,13):
  placeholders and their parameters expect 2 variadic arguments, but 1 were provided
  C:\Users\Lenovo\Documents\GitHub\P01-PI\P01\Source.c(397,13):
  the missing variadic argument 2 is required by format string '%c'
  C:\Users\Lenovo\Documents\GitHub\P01-PI\P01\Source.c(397,13):
  this argument is used as a buffer size
  
C:\Users\Lenovo\Documents\GitHub\P01-PI\P01\Source.c(401,37): warning C4267: 'function': conversion from 'size_t' to 'int', possible loss of data
C:\Users\Lenovo\Documents\GitHub\P01-PI\P01\Source.c(439,13): warning C4473: 'scanf_s' : not enough arguments passed for format string
  C:\Users\Lenovo\Documents\GitHub\P01-PI\P01\Source.c(439,13):
  placeholders and their parameters expect 2 variadic arguments, but 1 were provided
  C:\Users\Lenovo\Documents\GitHub\P01-PI\P01\Source.c(439,13):
  the missing variadic argument 2 is required by format string '%c'
  C:\Users\Lenovo\Documents\GitHub\P01-PI\P01\Source.c(439,13):
  this argument is used as a buffer size
  
C:\Users\Lenovo\Documents\GitHub\P01-PI\P01\Source.c(463,13): warning C4473: 'scanf_s' : not enough arguments passed for format string
  C:\Users\Lenovo\Documents\GitHub\P01-PI\P01\Source.c(463,13):
  placeholders and their parameters expect 2 variadic arguments, but 1 were provided
  C:\Users\Lenovo\Documents\GitHub\P01-PI\P01\Source.c(463,13):
  the missing variadic argument 2 is required by format string '%c'
  C:\Users\Lenovo\Documents\GitHub\P01-PI\P01\Source.c(463,13):
  this argument is used as a buffer size
  
C:\Users\Lenovo\Documents\GitHub\P01-PI\P01\Source.c(476,13): warning C4473: 'scanf_s' : not enough arguments passed for format string
  C:\Users\Lenovo\Documents\GitHub\P01-PI\P01\Source.c(476,13):
  placeholders and their parameters expect 2 variadic arguments, but 1 were provided
  C:\Users\Lenovo\Documents\GitHub\P01-PI\P01\Source.c(476,13):
  the missing variadic argument 2 is required by format string '%c'
  C:\Users\Lenovo\Documents\GitHub\P01-PI\P01\Source.c(476,13):
  this argument is used as a buffer size
  
C:\Users\Lenovo\Documents\GitHub\P01-PI\P01\Source.c(615,28): warning C4047: 'function': 'int' differs in levels of indirection from 'int *'
C:\Users\Lenovo\Documents\GitHub\P01-PI\P01\Source.c(615,28): warning C4024: 'saveGame': different types for formal and actual parameter 2
C:\Users\Lenovo\Documents\GitHub\P01-PI\P01\Source.c(615,42): warning C4047: 'function': 'int' differs in levels of indirection from 'int *'
C:\Users\Lenovo\Documents\GitHub\P01-PI\P01\Source.c(615,42): warning C4024: 'saveGame': different types for formal and actual parameter 3
C:\Users\Lenovo\Documents\GitHub\P01-PI\P01\Source.c(724,28): warning C4473: 'fscanf_s' : not enough arguments passed for format string
  C:\Users\Lenovo\Documents\GitHub\P01-PI\P01\Source.c(724,28):
  placeholders and their parameters expect 2 variadic arguments, but 1 were provided
  C:\Users\Lenovo\Documents\GitHub\P01-PI\P01\Source.c(724,28):
  the missing variadic argument 2 is required by format string '%c'
  C:\Users\Lenovo\Documents\GitHub\P01-PI\P01\Source.c(724,28):
  this argument is used as a buffer size
  
C:\Users\Lenovo\Documents\GitHub\P01-PI\P01\Source.c(726,32): warning C4473: 'fscanf_s' : not enough arguments passed for format string
  C:\Users\Lenovo\Documents\GitHub\P01-PI\P01\Source.c(726,32):
  placeholders and their parameters expect 2 variadic arguments, but 1 were provided
  C:\Users\Lenovo\Documents\GitHub\P01-PI\P01\Source.c(726,32):
  the missing variadic argument 2 is required by format string '%c'
  C:\Users\Lenovo\Documents\GitHub\P01-PI\P01\Source.c(726,32):
  this argument is used as a buffer size
  
  P01.vcxproj -> C:\Users\Lenovo\Documents\GitHub\P01-PI\P01\x64\Debug\P01.exe
